<?xml version="1.0" encoding="UTF-8" ?>
<testsuite tests="17" failures="0" name="com.test.Sweety.TriggerTest" time="4.295" errors="0" skipped="0">
  <properties>
[...]
</properties>
  <testcase classname="| LoginDetails.properties | 4 |" name="Given Home Page loads successfully" time="0.005"/>
  <testcase classname="| LoginDetails.properties | 4 |" name="Then Enter EmailID and password &quot;LoginDetails.properties&quot;" time="0"/>
  <testcase classname="| LoginDetails.properties | 4 |" name="And Click on Login" time="0"/>
  <testcase classname="| LoginDetails.properties | 4 |" name="And Navigate to Enter Levels" time="0"/>
  <testcase classname="| LoginDetails.properties | 4 |" name="And Verify 4 levels are available for the day" time="0"/>
  <testcase classname="| LoginDetails.properties | 4 |" name="And Click On AddnewValue" time="0"/>
  <testcase classname="| LoginDetails.properties | 4 |" name="And Enter the Level &quot;4&quot;" time="0"/>
  <testcase classname="| LoginDetails.properties | 4 |" name="And Click on Submit" time="0"/>
  <testcase classname="| LoginDetails.properties | 4 |" name="Then Verify level entered are not accepted" time="0"/>
  <testcase classname="| LoginDetails.properties | 4 |" name="| LoginDetails.properties | 4 |" time="2.35"/>
  <testcase classname="| LoginDetails.properties |" name="Given Home Page loads successfully" time="0.001"/>
  <testcase classname="| LoginDetails.properties |" name="Then Enter EmailID and password &quot;LoginDetails.properties&quot;" time="0"/>
  <testcase classname="| LoginDetails.properties |" name="And Click on Login" time="0"/>
  <testcase classname="| LoginDetails.properties |" name="And Navigate to Reports" time="0.001"/>
  <testcase classname="| LoginDetails.properties |" name="And View Daily Report" time="0"/>
  <testcase classname="| LoginDetails.properties |" name="Then View Monthly Reports" time="0"/>
  <testcase classname="| LoginDetails.properties |" name="| LoginDetails.properties |" time="1.938"/>
</testsuite>